

Date:2021-04-21 19:02:34,630
Thread:[1]
Level:ERROR
Logger:WebProjectWizardBase.ProjectWizardBase                         [(null)]
Message:System.UnauthorizedAccessException: Access to the path 'D:\React-repo\confusion\public' is denied.
   at System.IO.__Error.WinIOError(Int32 errorCode, String maybeFullPath)
   at System.IO.FileStream.Init(String path, FileMode mode, FileAccess access, Int32 rights, Boolean useRights, FileShare share, Int32 bufferSize, FileOptions options, SECURITY_ATTRIBUTES secAttrs, String msgPath, Boolean bFromProxy, Boolean useLongPath, Boolean checkHost)
   at System.IO.FileStream..ctor(String path, FileMode mode, FileAccess access, FileShare share, Int32 bufferSize, FileOptions options, String msgPath, Boolean bFromProxy, Boolean useLongPath, Boolean checkHost)
   at System.IO.StreamReader..ctor(String path, Encoding encoding, Boolean detectEncodingFromByteOrderMarks, Int32 bufferSize, Boolean checkHost)
   at System.IO.StreamReader..ctor(String path)
   at WebProjectWizardBase.ProjectWizardBase.WebSiteFrameWorkVersion(DTE2 dte)


Date:2021-04-21 19:04:25,506
Thread:[1]
Level:ERROR
Logger:Syncfusion.Web.Extension.SyncfusionPackage                         [(null)]
Message:System.IndexOutOfRangeException: Index was outside the bounds of the array.
   at System.Array.InternalGetReference(Void* elemRef, Int32 rank, Int32* pIndices)
   at System.Array.GetValue(Int32 index)
   at Syncfusion.Web.Extension.SyncfusionPackage.queryStatusMenuCommand_BeforeQueryStatus(Object sender, EventArgs e) in D:\Git\RP\vsext_ej1_conversion_migration\SyncfusionMVCPackage.cs:line 468


Date:2021-04-21 19:04:25,524
Thread:[1]
Level:ERROR
Logger:WebProjectWizardBase.ProjectWizardBase                         [(null)]
Message:System.UnauthorizedAccessException: Access to the path 'D:\React-repo\confusion\public' is denied.
   at System.IO.__Error.WinIOError(Int32 errorCode, String maybeFullPath)
   at System.IO.FileStream.Init(String path, FileMode mode, FileAccess access, Int32 rights, Boolean useRights, FileShare share, Int32 bufferSize, FileOptions options, SECURITY_ATTRIBUTES secAttrs, String msgPath, Boolean bFromProxy, Boolean useLongPath, Boolean checkHost)
   at System.IO.FileStream..ctor(String path, FileMode mode, FileAccess access, FileShare share, Int32 bufferSize, FileOptions options, String msgPath, Boolean bFromProxy, Boolean useLongPath, Boolean checkHost)
   at System.IO.StreamReader..ctor(String path, Encoding encoding, Boolean detectEncodingFromByteOrderMarks, Int32 bufferSize, Boolean checkHost)
   at System.IO.StreamReader..ctor(String path)
   at WebProjectWizardBase.ProjectWizardBase.WebSiteFrameWorkVersion(DTE2 dte)
